<?xml version="1.0" encoding="UTF-8"?>
<!-- Generated by org.testng.reporters.JUnitReportReporter -->
<testsuite hostname="DESKTOP-0DKJ05R" name="shangcheng.fabugg" tests="1" failures="0" timestamp="10 Jan 2019 11:36:19 GMT" time="2.658" errors="0">
  <testcase name="Dhoutai" time="2.658" classname="shangcheng.fabugg"/>
</testsuite> <!-- shangcheng.fabugg -->
