<?xml version="1.0" encoding="UTF-8"?>
<!-- Generated by org.testng.reporters.JUnitReportReporter -->
<testsuite hostname="DESKTOP-0DKJ05R" name="shangcheng.shanchudd" tests="1" failures="0" timestamp="10 Jan 2019 11:41:40 GMT" time="1.937" errors="0">
  <testcase name="shanchu" time="1.937" classname="shangcheng.shanchudd"/>
</testsuite> <!-- shangcheng.shanchudd -->
