<?xml version="1.0" encoding="UTF-8"?>
<!-- Generated by org.testng.reporters.JUnitReportReporter -->
<testsuite hostname="DESKTOP-0DKJ05R" name="shangcheng.tianjia" tests="1" failures="0" timestamp="10 Jan 2019 11:29:27 GMT" time="2.522" errors="0">
  <testcase name="Dhoutai" time="2.522" classname="shangcheng.tianjia"/>
</testsuite> <!-- shangcheng.tianjia -->
