<?xml version="1.0" encoding="UTF-8"?>
<!-- Generated by org.testng.reporters.JUnitReportReporter -->
<testsuite hostname="DESKTOP-0DKJ05R" name="shangcheng.gouwu" tests="3" failures="0" timestamp="10 Jan 2019 11:27:45 GMT" time="8.456" errors="0">
  <testcase name="Bgouwu" time="3.542" classname="shangcheng.gouwu"/>
  <testcase name="Ashousuo" time="3.446" classname="shangcheng.gouwu"/>
  <testcase name="Cyijian" time="1.468" classname="shangcheng.gouwu"/>
</testsuite> <!-- shangcheng.gouwu -->
